<?xml version="1.0" encoding="UTF-8"?>
<!-- Generated by org.testng.reporters.JUnitReportReporter -->
<testsuite skipped="0" hostname="sanu-Latitude-5580" name="chimpPackage.ChimpLogin" tests="1" failures="0" timestamp="03 Aug 2018 04:47:37 GMT" time="19.646" errors="0">
  <testcase name="tc01LogintoChimp" time="19.646" classname="chimpPackage.ChimpLogin"/>
</testsuite> <!-- chimpPackage.ChimpLogin -->
