<?xml version="1.0" encoding="UTF-8"?>
<!-- Generated by org.testng.reporters.JUnitReportReporter -->
<testsuite skipped="0" hostname="sanu-Latitude-5580" name="chimpPackage.VerifyHeaderlinksOptimized" tests="4" failures="0" timestamp="20 Jul 2018 11:57:55 GMT" time="60.044" errors="0">
  <testcase name="tc02ManagegivingGroups" time="20.505" classname="chimpPackage.VerifyHeaderlinksOptimized"/>
  <testcase name="tc03ManageCampaign" time="22.413" classname="chimpPackage.VerifyHeaderlinksOptimized"/>
  <testcase name="tc01Managesettings" time="14.930" classname="chimpPackage.VerifyHeaderlinksOptimized"/>
  <testcase name="tc04setDrivertoHome" time="2.196" classname="chimpPackage.VerifyHeaderlinksOptimized"/>
</testsuite> <!-- chimpPackage.VerifyHeaderlinksOptimized -->
