<?xml version="1.0" encoding="UTF-8"?>
<!-- Generated by org.testng.reporters.JUnitReportReporter -->
<testsuite skipped="0" hostname="sanu-Latitude-5580" name="chimpPackage.VerifyHeaderlinks" tests="13" failures="0" timestamp="03 Aug 2018 04:47:37 GMT" time="71.534" errors="0">
  <testcase name="tc01ManageSettings" time="5.806" classname="chimpPackage.VerifyHeaderlinks"/>
  <testcase name="tc01ManageSettings" time="5.456" classname="chimpPackage.VerifyHeaderlinks"/>
  <testcase name="tc01ManageSettings" time="5.533" classname="chimpPackage.VerifyHeaderlinks"/>
  <testcase name="tc01ManageSettings" time="5.401" classname="chimpPackage.VerifyHeaderlinks"/>
  <testcase name="tc01ManageSettings" time="5.206" classname="chimpPackage.VerifyHeaderlinks"/>
  <testcase name="tc01ManageSettings" time="5.235" classname="chimpPackage.VerifyHeaderlinks"/>
  <testcase name="tc01ManageSettings" time="5.625" classname="chimpPackage.VerifyHeaderlinks"/>
  <testcase name="tc01ManageSettings" time="5.408" classname="chimpPackage.VerifyHeaderlinks"/>
  <testcase name="tc01ManageSettings" time="5.167" classname="chimpPackage.VerifyHeaderlinks"/>
  <testcase name="tc01ManageSettings" time="5.362" classname="chimpPackage.VerifyHeaderlinks"/>
  <testcase name="tc01ManageSettings" time="5.214" classname="chimpPackage.VerifyHeaderlinks"/>
  <testcase name="tc01ManageSettings" time="6.571" classname="chimpPackage.VerifyHeaderlinks"/>
  <testcase name="tc01ManageSettings" time="5.550" classname="chimpPackage.VerifyHeaderlinks"/>
</testsuite> <!-- chimpPackage.VerifyHeaderlinks -->
