<?xml version="1.0" encoding="UTF-8"?>
<!-- Generated by org.testng.reporters.JUnitReportReporter -->
<testsuite skipped="0" hostname="sanu-Latitude-5580" name="chimpPackage.VerifyHeaderlinks" tests="13" failures="0" timestamp="02 Aug 2018 08:57:42 GMT" time="92.741" errors="0">
  <testcase name="tc01ManageSettings" time="7.886" classname="chimpPackage.VerifyHeaderlinks"/>
  <testcase name="tc01ManageSettings" time="8.859" classname="chimpPackage.VerifyHeaderlinks"/>
  <testcase name="tc01ManageSettings" time="7.877" classname="chimpPackage.VerifyHeaderlinks"/>
  <testcase name="tc01ManageSettings" time="6.462" classname="chimpPackage.VerifyHeaderlinks"/>
  <testcase name="tc01ManageSettings" time="7.028" classname="chimpPackage.VerifyHeaderlinks"/>
  <testcase name="tc01ManageSettings" time="6.486" classname="chimpPackage.VerifyHeaderlinks"/>
  <testcase name="tc01ManageSettings" time="6.831" classname="chimpPackage.VerifyHeaderlinks"/>
  <testcase name="tc01ManageSettings" time="7.981" classname="chimpPackage.VerifyHeaderlinks"/>
  <testcase name="tc01ManageSettings" time="6.546" classname="chimpPackage.VerifyHeaderlinks"/>
  <testcase name="tc01ManageSettings" time="6.572" classname="chimpPackage.VerifyHeaderlinks"/>
  <testcase name="tc01ManageSettings" time="6.776" classname="chimpPackage.VerifyHeaderlinks"/>
  <testcase name="tc01ManageSettings" time="6.959" classname="chimpPackage.VerifyHeaderlinks"/>
  <testcase name="tc01ManageSettings" time="6.478" classname="chimpPackage.VerifyHeaderlinks"/>
</testsuite> <!-- chimpPackage.VerifyHeaderlinks -->
