<?xml version="1.0" encoding="UTF-8"?>
<!-- Generated by org.testng.reporters.JUnitReportReporter -->
<testsuite skipped="1" hostname="sanu-Latitude-5580" name="chimpPackage.VerifyAuthzerologin" tests="7" failures="0" timestamp="03 Aug 2018 12:04:33 GMT" time="37.001" errors="0">
  <testcase name="tc07LoginasNewuser" time="7.033" classname="chimpPackage.VerifyAuthzerologin"/>
  <testcase name="tc01IsLoginbuttonpresent" time="0.806" classname="chimpPackage.VerifyAuthzerologin"/>
  <testcase name="tc06NewUsersignup" time="19.828" classname="chimpPackage.VerifyAuthzerologin"/>
  <testcase name="tc03IsSignupbuttonpresent" time="2.278" classname="chimpPackage.VerifyAuthzerologin"/>
  <testcase name="tc04ValidateSignUpbutton" time="3.683" classname="chimpPackage.VerifyAuthzerologin"/>
  <testcase name="tc02IsUsernamepresent" time="3.373" classname="chimpPackage.VerifyAuthzerologin"/>
  <testcase name="tc05VerifyInvalidcredentialcombination" classname="chimpPackage.VerifyAuthzerologin">
    <skipped/>
  </testcase> <!-- tc05VerifyInvalidcredentialcombination -->
</testsuite> <!-- chimpPackage.VerifyAuthzerologin -->
