<?xml version="1.0" encoding="UTF-8"?>
<!-- Generated by org.testng.reporters.JUnitReportReporter -->
<testsuite skipped="0" hostname="sanu-Latitude-5580" name="chimpPackage.ChimpLogout" tests="1" failures="0" timestamp="02 Aug 2018 08:57:42 GMT" time="4.386" errors="0">
  <testcase name="tc01LogoutFromchimp" time="4.386" classname="chimpPackage.ChimpLogout"/>
</testsuite> <!-- chimpPackage.ChimpLogout -->
