<?xml version="1.0" encoding="UTF-8"?>
<!-- Generated by org.testng.reporters.JUnitReportReporter -->
<testsuite skipped="0" hostname="sanu-Latitude-5580" name="chimpPackage.ChimpBaseForSequentialExecution" tests="1" failures="0" timestamp="02 Aug 2018 12:17:25 GMT" time="0.013" errors="1">
  <testcase name="BeforeTest" time="0.013" classname="chimpPackage.ChimpBaseForSequentialExecution">
    <error type="java.io.FileNotFoundException" message="property file &#039;/home/sanu/AutomationBasePackageExported/chimpProject/resource/ChimpBaseClass.properties&#039; not found in the classpath">
      <![CDATA[java.io.FileNotFoundException: property file '/home/sanu/AutomationBasePackageExported/chimpProject/resource/ChimpBaseClass.properties' not found in the classpath
at chimpPackage.ChimpBaseForSequentialExecution.getPropertyValues(ChimpBaseForSequentialExecution.java:89)
at chimpPackage.ChimpBaseForSequentialExecution.BeforeTest(ChimpBaseForSequentialExecution.java:32)
at sun.reflect.NativeMethodAccessorImpl.invoke0(Native Method)
at sun.reflect.NativeMethodAccessorImpl.invoke(NativeMethodAccessorImpl.java:62)
at sun.reflect.DelegatingMethodAccessorImpl.invoke(DelegatingMethodAccessorImpl.java:43)
at java.lang.reflect.Method.invoke(Method.java:498)
at org.testng.internal.MethodInvocationHelper.invokeMethod(MethodInvocationHelper.java:124)
at org.testng.internal.MethodInvocationHelper.invokeMethodConsideringTimeout(MethodInvocationHelper.java:59)
at org.testng.internal.Invoker.invokeConfigurationMethod(Invoker.java:458)
at org.testng.internal.Invoker.invokeConfigurations(Invoker.java:222)
at org.testng.internal.Invoker.invokeConfigurations(Invoker.java:142)
at org.testng.SuiteRunner.privateRun(SuiteRunner.java:401)
at org.testng.SuiteRunner.run(SuiteRunner.java:364)
at org.testng.SuiteRunnerWorker.runSuite(SuiteRunnerWorker.java:52)
at org.testng.SuiteRunnerWorker.run(SuiteRunnerWorker.java:84)
at org.testng.TestNG.runSuitesSequentially(TestNG.java:1208)
at org.testng.TestNG.runSuitesLocally(TestNG.java:1137)
at org.testng.TestNG.runSuites(TestNG.java:1049)
at org.testng.TestNG.run(TestNG.java:1017)
at chimpPackage.ExecuteTestNG.main(ExecuteTestNG.java:31)
]]>
    </error>
  </testcase> <!-- BeforeTest -->
</testsuite> <!-- chimpPackage.ChimpBaseForSequentialExecution -->
