<?xml version="1.0" encoding="UTF-8"?>
<!-- Generated by org.testng.reporters.JUnitReportReporter -->
<testsuite skipped="0" hostname="sanu-Latitude-5580" name="chimpPackage.Configuration" tests="4" failures="0" timestamp="03 Aug 2018 12:04:33 GMT" time="0.033" errors="0">
  <testcase name="tc02setConfigurationsDelete" time="0.001" classname="chimpPackage.Configuration"/>
  <testcase name="tc02setConfigurationsDelete" time="0.002" classname="chimpPackage.Configuration"/>
  <testcase name="tc03setConfigurationsCopy" time="0.005" classname="chimpPackage.Configuration"/>
  <testcase name="tc01setBackUpfiles" time="0.025" classname="chimpPackage.Configuration"/>
</testsuite> <!-- chimpPackage.Configuration -->
