<?xml version="1.0" encoding="UTF-8"?>
<!-- Generated by org.testng.reporters.JUnitReportReporter -->
<testsuite skipped="0" hostname="sanu-Latitude-5580" name="chimpPackage.ChimpBaseClass" tests="108" failures="0" timestamp="29 Jun 2018 07:38:06 GMT" time="3.731" errors="0">
  <testcase name="PIMLoginWithCredentials" time="0.041" classname="chimpPackage.ChimpBaseClass"/>
  <testcase name="PIMLoginWithCredentials" time="0.025" classname="chimpPackage.ChimpBaseClass"/>
  <testcase name="PIMLoginWithCredentials" time="0.036" classname="chimpPackage.ChimpBaseClass"/>
  <testcase name="PIMLoginWithCredentials" time="0.030" classname="chimpPackage.ChimpBaseClass"/>
  <testcase name="PIMLoginWithCredentials" time="0.035" classname="chimpPackage.ChimpBaseClass"/>
  <testcase name="PIMLoginWithCredentials" time="0.026" classname="chimpPackage.ChimpBaseClass"/>
  <testcase name="PIMLoginWithCredentials" time="0.029" classname="chimpPackage.ChimpBaseClass"/>
  <testcase name="PIMLoginWithCredentials" time="0.026" classname="chimpPackage.ChimpBaseClass"/>
  <testcase name="PIMLoginWithCredentials" time="0.025" classname="chimpPackage.ChimpBaseClass"/>
  <testcase name="PIMLoginWithCredentials" time="0.031" classname="chimpPackage.ChimpBaseClass"/>
  <testcase name="PIMLoginWithCredentials" time="0.048" classname="chimpPackage.ChimpBaseClass"/>
  <testcase name="PIMLoginWithCredentials" time="0.035" classname="chimpPackage.ChimpBaseClass"/>
  <testcase name="PIMLoginWithCredentials" time="0.023" classname="chimpPackage.ChimpBaseClass"/>
  <testcase name="PIMLoginWithCredentials" time="0.043" classname="chimpPackage.ChimpBaseClass"/>
  <testcase name="PIMLoginWithCredentials" time="0.044" classname="chimpPackage.ChimpBaseClass"/>
  <testcase name="PIMLoginWithCredentials" time="0.045" classname="chimpPackage.ChimpBaseClass"/>
  <testcase name="PIMLoginWithCredentials" time="0.033" classname="chimpPackage.ChimpBaseClass"/>
  <testcase name="PIMLoginWithCredentials" time="0.024" classname="chimpPackage.ChimpBaseClass"/>
  <testcase name="PIMLoginWithCredentials" time="0.042" classname="chimpPackage.ChimpBaseClass"/>
  <testcase name="PIMLoginWithCredentials" time="0.029" classname="chimpPackage.ChimpBaseClass"/>
  <testcase name="PIMLoginWithCredentials" time="0.028" classname="chimpPackage.ChimpBaseClass"/>
  <testcase name="PIMLoginWithCredentials" time="0.058" classname="chimpPackage.ChimpBaseClass"/>
  <testcase name="PIMLoginWithCredentials" time="0.026" classname="chimpPackage.ChimpBaseClass"/>
  <testcase name="PIMLoginWithCredentials" time="0.049" classname="chimpPackage.ChimpBaseClass"/>
  <testcase name="PIMLoginWithCredentials" time="0.026" classname="chimpPackage.ChimpBaseClass"/>
  <testcase name="PIMLoginWithCredentials" time="0.037" classname="chimpPackage.ChimpBaseClass"/>
  <testcase name="PIMLoginWithCredentials" time="0.031" classname="chimpPackage.ChimpBaseClass"/>
  <testcase name="PIMLoginWithCredentials" time="0.034" classname="chimpPackage.ChimpBaseClass"/>
  <testcase name="PIMLoginWithCredentials" time="0.027" classname="chimpPackage.ChimpBaseClass"/>
  <testcase name="PIMLoginWithCredentials" time="0.032" classname="chimpPackage.ChimpBaseClass"/>
  <testcase name="PIMLoginWithCredentials" time="0.022" classname="chimpPackage.ChimpBaseClass"/>
  <testcase name="PIMLoginWithCredentials" time="0.035" classname="chimpPackage.ChimpBaseClass"/>
  <testcase name="PIMLoginWithCredentials" time="0.149" classname="chimpPackage.ChimpBaseClass"/>
  <testcase name="PIMLoginWithCredentials" time="0.031" classname="chimpPackage.ChimpBaseClass"/>
  <testcase name="PIMLoginWithCredentials" time="0.036" classname="chimpPackage.ChimpBaseClass"/>
  <testcase name="PIMLoginWithCredentials" time="0.036" classname="chimpPackage.ChimpBaseClass"/>
  <testcase name="PIMLoginWithCredentials" time="0.026" classname="chimpPackage.ChimpBaseClass"/>
  <testcase name="PIMLoginWithCredentials" time="0.026" classname="chimpPackage.ChimpBaseClass"/>
  <testcase name="PIMLoginWithCredentials" time="0.036" classname="chimpPackage.ChimpBaseClass"/>
  <testcase name="PIMLoginWithCredentials" time="0.104" classname="chimpPackage.ChimpBaseClass"/>
  <testcase name="PIMLoginWithCredentials" time="0.032" classname="chimpPackage.ChimpBaseClass"/>
  <testcase name="PIMLoginWithCredentials" time="0.080" classname="chimpPackage.ChimpBaseClass"/>
  <testcase name="PIMLoginWithCredentials" time="0.026" classname="chimpPackage.ChimpBaseClass"/>
  <testcase name="PIMLoginWithCredentials" time="0.023" classname="chimpPackage.ChimpBaseClass"/>
  <testcase name="PIMLoginWithCredentials" time="0.026" classname="chimpPackage.ChimpBaseClass"/>
  <testcase name="PIMLoginWithCredentials" time="0.024" classname="chimpPackage.ChimpBaseClass"/>
  <testcase name="PIMLoginWithCredentials" time="0.030" classname="chimpPackage.ChimpBaseClass"/>
  <testcase name="PIMLoginWithCredentials" time="0.025" classname="chimpPackage.ChimpBaseClass"/>
  <testcase name="PIMLoginWithCredentials" time="0.042" classname="chimpPackage.ChimpBaseClass"/>
  <testcase name="PIMLoginWithCredentials" time="0.041" classname="chimpPackage.ChimpBaseClass"/>
  <testcase name="PIMLoginWithCredentials" time="0.027" classname="chimpPackage.ChimpBaseClass"/>
  <testcase name="PIMLoginWithCredentials" time="0.032" classname="chimpPackage.ChimpBaseClass"/>
  <testcase name="PIMLoginWithCredentials" time="0.042" classname="chimpPackage.ChimpBaseClass"/>
  <testcase name="PIMLoginWithCredentials" time="0.031" classname="chimpPackage.ChimpBaseClass"/>
  <testcase name="PIMLoginWithCredentials" time="0.034" classname="chimpPackage.ChimpBaseClass"/>
  <testcase name="PIMLoginWithCredentials" time="0.026" classname="chimpPackage.ChimpBaseClass"/>
  <testcase name="PIMLoginWithCredentials" time="0.027" classname="chimpPackage.ChimpBaseClass"/>
  <testcase name="PIMLoginWithCredentials" time="0.032" classname="chimpPackage.ChimpBaseClass"/>
  <testcase name="PIMLoginWithCredentials" time="0.034" classname="chimpPackage.ChimpBaseClass"/>
  <testcase name="PIMLoginWithCredentials" time="0.029" classname="chimpPackage.ChimpBaseClass"/>
  <testcase name="PIMLoginWithCredentials" time="0.023" classname="chimpPackage.ChimpBaseClass"/>
  <testcase name="PIMLoginWithCredentials" time="0.055" classname="chimpPackage.ChimpBaseClass"/>
  <testcase name="PIMLoginWithCredentials" time="0.029" classname="chimpPackage.ChimpBaseClass"/>
  <testcase name="PIMLoginWithCredentials" time="0.033" classname="chimpPackage.ChimpBaseClass"/>
  <testcase name="PIMLoginWithCredentials" time="0.028" classname="chimpPackage.ChimpBaseClass"/>
  <testcase name="PIMLoginWithCredentials" time="0.046" classname="chimpPackage.ChimpBaseClass"/>
  <testcase name="PIMLoginWithCredentials" time="0.029" classname="chimpPackage.ChimpBaseClass"/>
  <testcase name="PIMLoginWithCredentials" time="0.034" classname="chimpPackage.ChimpBaseClass"/>
  <testcase name="PIMLoginWithCredentials" time="0.023" classname="chimpPackage.ChimpBaseClass"/>
  <testcase name="PIMLoginWithCredentials" time="0.029" classname="chimpPackage.ChimpBaseClass"/>
  <testcase name="PIMLoginWithCredentials" time="0.026" classname="chimpPackage.ChimpBaseClass"/>
  <testcase name="PIMLoginWithCredentials" time="0.031" classname="chimpPackage.ChimpBaseClass"/>
  <testcase name="PIMLoginWithCredentials" time="0.025" classname="chimpPackage.ChimpBaseClass"/>
  <testcase name="PIMLoginWithCredentials" time="0.028" classname="chimpPackage.ChimpBaseClass"/>
  <testcase name="PIMLoginWithCredentials" time="0.024" classname="chimpPackage.ChimpBaseClass"/>
  <testcase name="PIMLoginWithCredentials" time="0.041" classname="chimpPackage.ChimpBaseClass"/>
  <testcase name="PIMLoginWithCredentials" time="0.022" classname="chimpPackage.ChimpBaseClass"/>
  <testcase name="PIMLoginWithCredentials" time="0.028" classname="chimpPackage.ChimpBaseClass"/>
  <testcase name="PIMLoginWithCredentials" time="0.028" classname="chimpPackage.ChimpBaseClass"/>
  <testcase name="PIMLoginWithCredentials" time="0.027" classname="chimpPackage.ChimpBaseClass"/>
  <testcase name="PIMLoginWithCredentials" time="0.025" classname="chimpPackage.ChimpBaseClass"/>
  <testcase name="PIMLoginWithCredentials" time="0.077" classname="chimpPackage.ChimpBaseClass"/>
  <testcase name="PIMLoginWithCredentials" time="0.024" classname="chimpPackage.ChimpBaseClass"/>
  <testcase name="PIMLoginWithCredentials" time="0.033" classname="chimpPackage.ChimpBaseClass"/>
  <testcase name="PIMLoginWithCredentials" time="0.023" classname="chimpPackage.ChimpBaseClass"/>
  <testcase name="PIMLoginWithCredentials" time="0.037" classname="chimpPackage.ChimpBaseClass"/>
  <testcase name="PIMLoginWithCredentials" time="0.037" classname="chimpPackage.ChimpBaseClass"/>
  <testcase name="PIMLoginWithCredentials" time="0.026" classname="chimpPackage.ChimpBaseClass"/>
  <testcase name="PIMLoginWithCredentials" time="0.036" classname="chimpPackage.ChimpBaseClass"/>
  <testcase name="PIMLoginWithCredentials" time="0.037" classname="chimpPackage.ChimpBaseClass"/>
  <testcase name="PIMLoginWithCredentials" time="0.057" classname="chimpPackage.ChimpBaseClass"/>
  <testcase name="PIMLoginWithCredentials" time="0.027" classname="chimpPackage.ChimpBaseClass"/>
  <testcase name="PIMLoginWithCredentials" time="0.035" classname="chimpPackage.ChimpBaseClass"/>
  <testcase name="PIMLoginWithCredentials" time="0.039" classname="chimpPackage.ChimpBaseClass"/>
  <testcase name="PIMLoginWithCredentials" time="0.026" classname="chimpPackage.ChimpBaseClass"/>
  <testcase name="PIMLoginWithCredentials" time="0.029" classname="chimpPackage.ChimpBaseClass"/>
  <testcase name="PIMLoginWithCredentials" time="0.034" classname="chimpPackage.ChimpBaseClass"/>
  <testcase name="PIMLoginWithCredentials" time="0.030" classname="chimpPackage.ChimpBaseClass"/>
  <testcase name="PIMLoginWithCredentials" time="0.033" classname="chimpPackage.ChimpBaseClass"/>
  <testcase name="PIMLoginWithCredentials" time="0.029" classname="chimpPackage.ChimpBaseClass"/>
  <testcase name="PIMLoginWithCredentials" time="0.024" classname="chimpPackage.ChimpBaseClass"/>
  <testcase name="PIMLoginWithCredentials" time="0.026" classname="chimpPackage.ChimpBaseClass"/>
  <testcase name="PIMLoginWithCredentials" time="0.023" classname="chimpPackage.ChimpBaseClass"/>
  <testcase name="PIMLoginWithCredentials" time="0.036" classname="chimpPackage.ChimpBaseClass"/>
  <testcase name="PIMLoginWithCredentials" time="0.028" classname="chimpPackage.ChimpBaseClass"/>
  <testcase name="PIMLoginWithCredentials" time="0.056" classname="chimpPackage.ChimpBaseClass"/>
  <testcase name="PIMLoginWithCredentials" time="0.026" classname="chimpPackage.ChimpBaseClass"/>
  <testcase name="PIMLoginWithCredentials" time="0.027" classname="chimpPackage.ChimpBaseClass"/>
</testsuite> <!-- chimpPackage.ChimpBaseClass -->
