<?xml version="1.0" encoding="UTF-8"?>
<!-- Generated by org.testng.reporters.JUnitReportReporter -->
<testsuite hostname="sanu-Latitude-5580" name="chimpPackage.SendEmail" tests="1" failures="0" timestamp="17 Jul 2018 04:56:05 GMT" time="15.775" errors="0">
  <testcase name="intiateEmail" time="15.775" classname="chimpPackage.SendEmail"/>
</testsuite> <!-- chimpPackage.SendEmail -->
