<?xml version="1.0" encoding="UTF-8"?>
<!-- Generated by org.testng.reporters.JUnitReportReporter -->
<testsuite skipped="1" hostname="sanu-Latitude-5580" name="chimpPackage.VerifyAuthzerologin" tests="7" failures="0" timestamp="02 Aug 2018 08:57:42 GMT" time="28.258" errors="0">
  <testcase name="tc04ValidateSignUpbutton" time="1.691" classname="chimpPackage.VerifyAuthzerologin"/>
  <testcase name="tc03IsSignupbuttonpresent" time="0.793" classname="chimpPackage.VerifyAuthzerologin"/>
  <testcase name="tc02IsUsernamepresent" time="4.535" classname="chimpPackage.VerifyAuthzerologin"/>
  <testcase name="tc07LoginasNewuser" time="6.460" classname="chimpPackage.VerifyAuthzerologin"/>
  <testcase name="tc06NewUsersignup" time="14.734" classname="chimpPackage.VerifyAuthzerologin"/>
  <testcase name="tc01IsLoginbuttonpresent" time="0.045" classname="chimpPackage.VerifyAuthzerologin"/>
  <testcase name="tc05VerifyInvalidcredentialcombination" classname="chimpPackage.VerifyAuthzerologin">
    <skipped/>
  </testcase> <!-- tc05VerifyInvalidcredentialcombination -->
</testsuite> <!-- chimpPackage.VerifyAuthzerologin -->
