<?xml version="1.0" encoding="UTF-8"?>
<!-- Generated by org.testng.reporters.JUnitReportReporter -->
<testsuite skipped="0" hostname="sanu-Latitude-5580" name="chimpPackage.VerifyHeaderlinksModify" tests="13" failures="0" timestamp="23 Jul 2018 12:09:51 GMT" time="94.690" errors="0">
  <testcase name="tc01ManageSettings" time="6.821" classname="chimpPackage.VerifyHeaderlinksModify"/>
  <testcase name="tc01ManageSettings" time="6.509" classname="chimpPackage.VerifyHeaderlinksModify"/>
  <testcase name="tc01ManageSettings" time="10.114" classname="chimpPackage.VerifyHeaderlinksModify"/>
  <testcase name="tc01ManageSettings" time="6.631" classname="chimpPackage.VerifyHeaderlinksModify"/>
  <testcase name="tc01ManageSettings" time="6.584" classname="chimpPackage.VerifyHeaderlinksModify"/>
  <testcase name="tc01ManageSettings" time="6.083" classname="chimpPackage.VerifyHeaderlinksModify"/>
  <testcase name="tc01ManageSettings" time="7.264" classname="chimpPackage.VerifyHeaderlinksModify"/>
  <testcase name="tc01ManageSettings" time="6.735" classname="chimpPackage.VerifyHeaderlinksModify"/>
  <testcase name="tc01ManageSettings" time="7.065" classname="chimpPackage.VerifyHeaderlinksModify"/>
  <testcase name="tc01ManageSettings" time="6.976" classname="chimpPackage.VerifyHeaderlinksModify"/>
  <testcase name="tc01ManageSettings" time="5.496" classname="chimpPackage.VerifyHeaderlinksModify"/>
  <testcase name="tc01ManageSettings" time="8.067" classname="chimpPackage.VerifyHeaderlinksModify"/>
  <testcase name="tc01ManageSettings" time="10.345" classname="chimpPackage.VerifyHeaderlinksModify"/>
</testsuite> <!-- chimpPackage.VerifyHeaderlinksModify -->
