<?xml version="1.0" encoding="UTF-8"?>
<!-- Generated by org.testng.reporters.JUnitReportReporter -->
<testsuite skipped="0" hostname="sanu-Latitude-5580" name="chimpPackage.VerifyHeaderlinks" tests="13" failures="0" timestamp="03 Aug 2018 12:04:33 GMT" time="99.022" errors="0">
  <testcase name="tc01ManageLinks1" time="8.597" classname="chimpPackage.VerifyHeaderlinks"/>
  <testcase name="tc01ManageLinks1" time="8.092" classname="chimpPackage.VerifyHeaderlinks"/>
  <testcase name="tc01ManageLinks1" time="7.974" classname="chimpPackage.VerifyHeaderlinks"/>
  <testcase name="tc01ManageLinks1" time="6.717" classname="chimpPackage.VerifyHeaderlinks"/>
  <testcase name="tc02ManageLinks2" time="6.252" classname="chimpPackage.VerifyHeaderlinks"/>
  <testcase name="tc02ManageLinks2" time="7.091" classname="chimpPackage.VerifyHeaderlinks"/>
  <testcase name="tc02ManageLinks2" time="7.063" classname="chimpPackage.VerifyHeaderlinks"/>
  <testcase name="tc01ManageLinks1" time="6.117" classname="chimpPackage.VerifyHeaderlinks"/>
  <testcase name="tc01ManageLinks1" time="12.273" classname="chimpPackage.VerifyHeaderlinks"/>
  <testcase name="tc01ManageLinks1" time="6.551" classname="chimpPackage.VerifyHeaderlinks"/>
  <testcase name="tc01ManageLinks1" time="8.703" classname="chimpPackage.VerifyHeaderlinks"/>
  <testcase name="tc01ManageLinks1" time="7.064" classname="chimpPackage.VerifyHeaderlinks"/>
  <testcase name="tc01ManageLinks1" time="6.528" classname="chimpPackage.VerifyHeaderlinks"/>
</testsuite> <!-- chimpPackage.VerifyHeaderlinks -->
