<?xml version="1.0" encoding="UTF-8"?>
<!-- Generated by org.testng.reporters.JUnitReportReporter -->
<testsuite skipped="0" hostname="sanu-Latitude-5580" name="chimpPackage.Configuration" tests="4" failures="0" timestamp="02 Aug 2018 08:57:42 GMT" time="0.018" errors="0">
  <testcase name="tc02setConfigurationsDelete" time="0.000" classname="chimpPackage.Configuration"/>
  <testcase name="tc02setConfigurationsDelete" time="0.000" classname="chimpPackage.Configuration"/>
  <testcase name="tc03setConfigurationsCopy" time="0.010" classname="chimpPackage.Configuration"/>
  <testcase name="tc01setBackUpfiles" time="0.008" classname="chimpPackage.Configuration"/>
</testsuite> <!-- chimpPackage.Configuration -->
