<?xml version="1.0" encoding="UTF-8"?>
<!-- Generated by org.testng.reporters.JUnitReportReporter -->
<testsuite skipped="3" hostname="sanu-Latitude-5580" name="chimpPackage.Configuration" tests="4" failures="0" timestamp="02 Aug 2018 12:47:14 GMT" time="0.001" errors="1">
  <testcase name="tc01setBackUpfiles" time="0.000" classname="chimpPackage.Configuration">
    <skipped/>
  </testcase> <!-- tc01setBackUpfiles -->
  <testcase name="tc02setConfigurationsDelete" time="0.000" classname="chimpPackage.Configuration">
    <skipped/>
  </testcase> <!-- tc02setConfigurationsDelete -->
  <testcase name="tc03setConfigurationsCopy" time="0.000" classname="chimpPackage.Configuration">
    <skipped/>
  </testcase> <!-- tc03setConfigurationsCopy -->
  <testcase name="initialiseVariables" time="0.001" classname="chimpPackage.Configuration">
    <error type="java.lang.NullPointerException">
      <![CDATA[java.lang.NullPointerException
at chimpPackage.Configuration.getProperty(Configuration.java:30)
at chimpPackage.Configuration.initialiseVariables(Configuration.java:20)
at sun.reflect.NativeMethodAccessorImpl.invoke0(Native Method)
at sun.reflect.NativeMethodAccessorImpl.invoke(NativeMethodAccessorImpl.java:62)
at sun.reflect.DelegatingMethodAccessorImpl.invoke(DelegatingMethodAccessorImpl.java:43)
at java.lang.reflect.Method.invoke(Method.java:498)
at org.testng.internal.MethodInvocationHelper.invokeMethod(MethodInvocationHelper.java:124)
at org.testng.internal.MethodInvocationHelper.invokeMethodConsideringTimeout(MethodInvocationHelper.java:59)
at org.testng.internal.Invoker.invokeConfigurationMethod(Invoker.java:458)
at org.testng.internal.Invoker.invokeConfigurations(Invoker.java:222)
at org.testng.internal.Invoker.invokeConfigurations(Invoker.java:142)
at org.testng.internal.TestMethodWorker.invokeBeforeClassMethods(TestMethodWorker.java:168)
at org.testng.internal.TestMethodWorker.run(TestMethodWorker.java:105)
at org.testng.TestRunner.privateRun(TestRunner.java:648)
at org.testng.TestRunner.run(TestRunner.java:505)
at org.testng.SuiteRunner.runTest(SuiteRunner.java:455)
at org.testng.SuiteRunner.access$000(SuiteRunner.java:40)
at org.testng.SuiteRunner$SuiteWorker.run(SuiteRunner.java:489)
at org.testng.internal.thread.ThreadUtil$1.call(ThreadUtil.java:52)
at java.util.concurrent.FutureTask.run(FutureTask.java:266)
at java.util.concurrent.ThreadPoolExecutor.runWorker(ThreadPoolExecutor.java:1149)
at java.util.concurrent.ThreadPoolExecutor$Worker.run(ThreadPoolExecutor.java:624)
at java.lang.Thread.run(Thread.java:748)
]]>
    </error>
  </testcase> <!-- initialiseVariables -->
</testsuite> <!-- chimpPackage.Configuration -->
