<?xml version="1.0" encoding="UTF-8"?>
<!-- Generated by org.testng.reporters.JUnitReportReporter -->
<testsuite skipped="0" hostname="sanu-Latitude-5580" name="chimpPackage.VerifyHeaderlinks" tests="13" failures="0" timestamp="03 Aug 2018 12:30:30 GMT" time="70.452" errors="0">
  <testcase name="tc01ManageLinks1" time="5.965" classname="chimpPackage.VerifyHeaderlinks"/>
  <testcase name="tc02ManageLinks2" time="5.061" classname="chimpPackage.VerifyHeaderlinks"/>
  <testcase name="tc01ManageLinks1" time="5.597" classname="chimpPackage.VerifyHeaderlinks"/>
  <testcase name="tc01ManageLinks1" time="5.646" classname="chimpPackage.VerifyHeaderlinks"/>
  <testcase name="tc02ManageLinks2" time="4.709" classname="chimpPackage.VerifyHeaderlinks"/>
  <testcase name="tc01ManageLinks1" time="5.222" classname="chimpPackage.VerifyHeaderlinks"/>
  <testcase name="tc01ManageLinks1" time="6.240" classname="chimpPackage.VerifyHeaderlinks"/>
  <testcase name="tc01ManageLinks1" time="4.849" classname="chimpPackage.VerifyHeaderlinks"/>
  <testcase name="tc02ManageLinks2" time="4.209" classname="chimpPackage.VerifyHeaderlinks"/>
  <testcase name="tc01ManageLinks1" time="4.632" classname="chimpPackage.VerifyHeaderlinks"/>
  <testcase name="tc01ManageLinks1" time="8.603" classname="chimpPackage.VerifyHeaderlinks"/>
  <testcase name="tc01ManageLinks1" time="4.736" classname="chimpPackage.VerifyHeaderlinks"/>
  <testcase name="tc01ManageLinks1" time="4.983" classname="chimpPackage.VerifyHeaderlinks"/>
</testsuite> <!-- chimpPackage.VerifyHeaderlinks -->
