<?xml version="1.0" encoding="UTF-8"?>
<!-- Generated by org.testng.reporters.JUnitReportReporter -->
<testsuite skipped="0" hostname="sanu-Latitude-5580" name="chimpPackage.ChimpLogout" tests="1" failures="0" timestamp="03 Aug 2018 12:04:33 GMT" time="4.299" errors="0">
  <testcase name="tc01LogoutFromchimp" time="4.299" classname="chimpPackage.ChimpLogout"/>
</testsuite> <!-- chimpPackage.ChimpLogout -->
