<?xml version="1.0" encoding="UTF-8"?>
<!-- Generated by org.testng.reporters.JUnitReportReporter -->
<testsuite skipped="0" hostname="sanu-Latitude-5580" name="chimpPackage.VerifyHeaderlinks" tests="13" failures="0" timestamp="03 Aug 2018 12:48:53 GMT" time="67.732" errors="0">
  <testcase name="tc02ManageLinks2" time="4.822" classname="chimpPackage.VerifyHeaderlinks"/>
  <testcase name="tc01ManageLinks1" time="4.665" classname="chimpPackage.VerifyHeaderlinks"/>
  <testcase name="tc01ManageLinks1" time="7.352" classname="chimpPackage.VerifyHeaderlinks"/>
  <testcase name="tc01ManageLinks1" time="5.061" classname="chimpPackage.VerifyHeaderlinks"/>
  <testcase name="tc02ManageLinks2" time="4.507" classname="chimpPackage.VerifyHeaderlinks"/>
  <testcase name="tc01ManageLinks1" time="4.758" classname="chimpPackage.VerifyHeaderlinks"/>
  <testcase name="tc01ManageLinks1" time="5.763" classname="chimpPackage.VerifyHeaderlinks"/>
  <testcase name="tc01ManageLinks1" time="5.034" classname="chimpPackage.VerifyHeaderlinks"/>
  <testcase name="tc01ManageLinks1" time="6.780" classname="chimpPackage.VerifyHeaderlinks"/>
  <testcase name="tc01ManageLinks1" time="4.996" classname="chimpPackage.VerifyHeaderlinks"/>
  <testcase name="tc01ManageLinks1" time="4.785" classname="chimpPackage.VerifyHeaderlinks"/>
  <testcase name="tc01ManageLinks1" time="4.894" classname="chimpPackage.VerifyHeaderlinks"/>
  <testcase name="tc02ManageLinks2" time="4.315" classname="chimpPackage.VerifyHeaderlinks"/>
</testsuite> <!-- chimpPackage.VerifyHeaderlinks -->
