<?xml version="1.0" encoding="UTF-8"?>
<!-- Generated by org.testng.reporters.JUnitReportReporter -->
<testsuite skipped="1" hostname="sanu-Latitude-5580" name="chimpPackage.VerifyAuthzerologin" tests="7" failures="0" timestamp="03 Aug 2018 12:48:53 GMT" time="23.730" errors="0">
  <testcase name="tc04ValidateSignUpbutton" time="1.793" classname="chimpPackage.VerifyAuthzerologin"/>
  <testcase name="tc07LoginasNewuser" time="3.598" classname="chimpPackage.VerifyAuthzerologin"/>
  <testcase name="tc01IsLoginbuttonpresent" time="0.041" classname="chimpPackage.VerifyAuthzerologin"/>
  <testcase name="tc06NewUsersignup" time="13.087" classname="chimpPackage.VerifyAuthzerologin"/>
  <testcase name="tc02IsUsernamepresent" time="4.507" classname="chimpPackage.VerifyAuthzerologin"/>
  <testcase name="tc03IsSignupbuttonpresent" time="0.704" classname="chimpPackage.VerifyAuthzerologin"/>
  <testcase name="tc05VerifyInvalidcredentialcombination" classname="chimpPackage.VerifyAuthzerologin">
    <skipped/>
  </testcase> <!-- tc05VerifyInvalidcredentialcombination -->
</testsuite> <!-- chimpPackage.VerifyAuthzerologin -->
