<?xml version="1.0" encoding="UTF-8"?>
<!-- Generated by org.testng.reporters.JUnitReportReporter -->
<testsuite skipped="1" hostname="sanu-Latitude-5580" name="chimpPackage.VerifyAuthzerologin" tests="7" failures="0" timestamp="03 Aug 2018 12:30:30 GMT" time="22.699" errors="0">
  <testcase name="tc07LoginasNewuser" time="3.402" classname="chimpPackage.VerifyAuthzerologin"/>
  <testcase name="tc04ValidateSignUpbutton" time="1.688" classname="chimpPackage.VerifyAuthzerologin"/>
  <testcase name="tc06NewUsersignup" time="12.483" classname="chimpPackage.VerifyAuthzerologin"/>
  <testcase name="tc02IsUsernamepresent" time="4.402" classname="chimpPackage.VerifyAuthzerologin"/>
  <testcase name="tc01IsLoginbuttonpresent" time="0.036" classname="chimpPackage.VerifyAuthzerologin"/>
  <testcase name="tc03IsSignupbuttonpresent" time="0.688" classname="chimpPackage.VerifyAuthzerologin"/>
  <testcase name="tc05VerifyInvalidcredentialcombination" classname="chimpPackage.VerifyAuthzerologin">
    <skipped/>
  </testcase> <!-- tc05VerifyInvalidcredentialcombination -->
</testsuite> <!-- chimpPackage.VerifyAuthzerologin -->
