<?xml version="1.0" encoding="UTF-8"?>
<!-- Generated by org.testng.reporters.JUnitReportReporter -->
<testsuite skipped="0" hostname="sanu-Latitude-5580" name="chimpPackage.ChimpLogin" tests="1" failures="0" timestamp="03 Aug 2018 12:30:30 GMT" time="21.972" errors="0">
  <testcase name="tc01LogintoChimp" time="21.972" classname="chimpPackage.ChimpLogin"/>
</testsuite> <!-- chimpPackage.ChimpLogin -->
