<?xml version="1.0" encoding="UTF-8"?>
<!-- Generated by org.testng.reporters.JUnitReportReporter -->
<testsuite skipped="1" hostname="sanu-Latitude-5580" name="chimpPackage.VerifyAuthzerologin" tests="7" failures="0" timestamp="03 Aug 2018 04:47:37 GMT" time="23.573" errors="0">
  <testcase name="tc04ValidateSignUpbutton" time="1.946" classname="chimpPackage.VerifyAuthzerologin"/>
  <testcase name="tc03IsSignupbuttonpresent" time="0.769" classname="chimpPackage.VerifyAuthzerologin"/>
  <testcase name="tc01IsLoginbuttonpresent" time="0.049" classname="chimpPackage.VerifyAuthzerologin"/>
  <testcase name="tc02IsUsernamepresent" time="4.520" classname="chimpPackage.VerifyAuthzerologin"/>
  <testcase name="tc07LoginasNewuser" time="3.609" classname="chimpPackage.VerifyAuthzerologin"/>
  <testcase name="tc06NewUsersignup" time="12.680" classname="chimpPackage.VerifyAuthzerologin"/>
  <testcase name="tc05VerifyInvalidcredentialcombination" classname="chimpPackage.VerifyAuthzerologin">
    <skipped/>
  </testcase> <!-- tc05VerifyInvalidcredentialcombination -->
</testsuite> <!-- chimpPackage.VerifyAuthzerologin -->
